<?xml version="1.0" encoding="UTF-8"?>
<!-- Generated by org.testng.reporters.JUnitXMLReporter -->
<testsuite ignored="0" hostname="DESKTOP-O8O2H67" failures="0" tests="3" name="Test" time="51.555" errors="0" timestamp="2024-10-02T23:57:48 IST">
  <testcase classname="amazon_Testcases.Testcase1" name="Login_Amazon" time="3.619"/>
  <testcase classname="amazon_Testcases.Testcase2" name="searching" time="3.232"/>
  <testcase classname="amazon_Testcases.Testcase3" name="registration" time="1.602"/>
</testsuite> <!-- Test -->
