<?xml version="1.0" encoding="UTF-8"?>
<!-- Generated by org.testng.reporters.JUnitXMLReporter -->
<testsuite ignored="0" hostname="DESKTOP-O8O2H67" failures="0" tests="3" name="Test" time="50.014" errors="0" timestamp="2024-10-03T00:28:58 IST">
  <testcase classname="amazon_Testcases.Testcase1" name="Login_Amazon" time="2.596"/>
  <testcase classname="amazon_Testcases.Testcase2" name="searching" time="3.053"/>
  <testcase classname="amazon_Testcases.Testcase3" name="registration" time="1.902"/>
</testsuite> <!-- Test -->
