<?xml version="1.0" encoding="UTF-8"?>
<testng-results ignored="0" total="3" passed="3" failed="0" skipped="0">
  <reporter-output>
  </reporter-output>
  <suite started-at="2024-10-03T00:28:08 IST" name="Suite" finished-at="2024-10-03T00:28:58 IST" duration-ms="50014">
    <groups>
    </groups>
    <test started-at="2024-10-03T00:28:08 IST" name="Test" finished-at="2024-10-03T00:28:58 IST" duration-ms="50014">
      <class name="amazon_Testcases.Testcase1">
        <test-method is-config="true" signature="Launch_Browser()[pri:0, instance:amazon_Testcases.Testcase1@618425b5]" started-at="2024-10-03T00:28:08 IST" name="Launch_Browser" finished-at="2024-10-03T00:28:13 IST" duration-ms="5146" status="PASS">
          <reporter-output>
          </reporter-output>
        </test-method> <!-- Launch_Browser -->
        <test-method signature="Login_Amazon()[pri:0, instance:amazon_Testcases.Testcase1@618425b5]" started-at="2024-10-03T00:28:13 IST" name="Login_Amazon" finished-at="2024-10-03T00:28:16 IST" duration-ms="2596" status="PASS">
          <reporter-output>
          </reporter-output>
        </test-method> <!-- Login_Amazon -->
        <test-method is-config="true" signature="quit_Browser()[pri:0, instance:amazon_Testcases.Testcase1@618425b5]" started-at="2024-10-03T00:28:16 IST" name="quit_Browser" finished-at="2024-10-03T00:28:26 IST" duration-ms="10451" status="PASS">
          <reporter-output>
          </reporter-output>
        </test-method> <!-- quit_Browser -->
      </class> <!-- amazon_Testcases.Testcase1 -->
      <class name="amazon_Testcases.Testcase2">
        <test-method is-config="true" signature="Launch_Browser()[pri:0, instance:amazon_Testcases.Testcase2@7bab3f1a]" started-at="2024-10-03T00:28:26 IST" name="Launch_Browser" finished-at="2024-10-03T00:28:29 IST" duration-ms="3378" status="PASS">
          <reporter-output>
          </reporter-output>
        </test-method> <!-- Launch_Browser -->
        <test-method signature="searching()[pri:0, instance:amazon_Testcases.Testcase2@7bab3f1a]" started-at="2024-10-03T00:28:29 IST" name="searching" finished-at="2024-10-03T00:28:32 IST" duration-ms="3053" status="PASS">
          <reporter-output>
          </reporter-output>
        </test-method> <!-- searching -->
        <test-method is-config="true" signature="quit_Browser()[pri:0, instance:amazon_Testcases.Testcase2@7bab3f1a]" started-at="2024-10-03T00:28:32 IST" name="quit_Browser" finished-at="2024-10-03T00:28:43 IST" duration-ms="10296" status="PASS">
          <reporter-output>
          </reporter-output>
        </test-method> <!-- quit_Browser -->
      </class> <!-- amazon_Testcases.Testcase2 -->
      <class name="amazon_Testcases.Testcase3">
        <test-method is-config="true" signature="Launch_Browser()[pri:0, instance:amazon_Testcases.Testcase3@437da279]" started-at="2024-10-03T00:28:43 IST" name="Launch_Browser" finished-at="2024-10-03T00:28:46 IST" duration-ms="2849" status="PASS">
          <reporter-output>
          </reporter-output>
        </test-method> <!-- Launch_Browser -->
        <test-method signature="registration()[pri:0, instance:amazon_Testcases.Testcase3@437da279]" started-at="2024-10-03T00:28:46 IST" name="registration" finished-at="2024-10-03T00:28:47 IST" duration-ms="1902" status="PASS">
          <reporter-output>
          </reporter-output>
        </test-method> <!-- registration -->
        <test-method is-config="true" signature="quit_Browser()[pri:0, instance:amazon_Testcases.Testcase3@437da279]" started-at="2024-10-03T00:28:47 IST" name="quit_Browser" finished-at="2024-10-03T00:28:58 IST" duration-ms="10286" status="PASS">
          <reporter-output>
          </reporter-output>
        </test-method> <!-- quit_Browser -->
      </class> <!-- amazon_Testcases.Testcase3 -->
    </test> <!-- Test -->
  </suite> <!-- Suite -->
</testng-results>
